2020-01-26 17:29:11.357 [main] ERROR ZUV.ZUGFeRDValidator - Fatal Error 1: File testout-ZF2newEdge.pdf not found
2020-01-26 17:29:11.360 [main] INFO  ZUV.ZUGFeRDValidator - Parsed PDF:invalid XML:invalid Signature:null Checksum:null Profile:null Version:null Took:1580056151360ms
2020-01-26 17:29:25.858 [main] ERROR ZUV.ZUGFeRDValidator - Error 23: Not a PDF/A-3
2020-01-26 17:29:26.007 [main] ERROR ZUV.ZUGFeRDValidator - Error 18: schema validation fails:org.xml.sax.SAXParseException; lineNumber: 42; columnNumber: 32; cvc-complex-type.2.4.a: Ungültiger Content wurde beginnend mit Element "ram:ExemptionReason" gefunden. "{"urn:un:unece:uncefact:data:standard:ReusableAggregateBusinessInformationEntity:100":ExemptionReasonCode, "urn:un:unece:uncefact:data:standard:ReusableAggregateBusinessInformationEntity:100":TaxPointDate, "urn:un:unece:uncefact:data:standard:ReusableAggregateBusinessInformationEntity:100":DueDateTypeCode, "urn:un:unece:uncefact:data:standard:ReusableAggregateBusinessInformationEntity:100":RateApplicablePercent}" wird erwartet.
2020-01-26 17:29:26.059 [main] INFO  c.h.s.x.SchematronResourceXSLTCache - Compiling XSLT instance [cpPath=/xslt/zugferd2p0_en16931.xslt; urlResolved=true; URL=jar:file:/Users/jstaerk/workspace/ZUV/target/ZUV-0.8.4-Restricted.jar!/xslt/zugferd2p0_en16931.xslt]
2020-01-26 17:29:31.328 [main] INFO  com.helger.jaxb.JAXBContextCache - Creating JAXB context for package org.oclc.purl.dsdl.svrl using ClassLoader sun.misc.Launcher$AppClassLoader@55f96302
2020-01-26 17:29:31.510 [main] ERROR ZUV.ZUGFeRDValidator - Error 4: 
	Eine Rechnung (INVOICE), die eine Position enthält, in der als Code der Umsatzsteuerkategorie für den in Rechnung gestellten Posten „Invoiced item VAT category code“ (BT-151) der Wert „intra-community supply“ angegeben ist, müssen die Umsatzsteuer-Identifikationsnummer des Verkäufers „Seller VAT identifier“ (BT-31) oder die Umsatzsteuer-Identifikationsnummer des Steuervertreters des Verkäufers „Seller tax representative VAT identifier“ (BT-63) sowie die Umsatzsteuer-Identifikationsnummer des Erwerbers „Buyer VAT identifier“ (BT-48) enthalten.
2020-01-26 17:29:31.511 [main] ERROR ZUV.ZUGFeRDValidator - Error 4: 
	Eine Rechnung (INVOICE), die eine Position enthält, in der als Code der Umsatzsteuerkategorie für den in Rechnung gestellten Posten „Invoiced item VAT category code“ (BT-151) der Wert „intra-community supply“ angegeben ist, müssen die Umsatzsteuer-Identifikationsnummer des Verkäufers „Seller VAT identifier“ (BT-31) oder die Umsatzsteuer-Identifikationsnummer des Steuervertreters des Verkäufers „Seller tax representative VAT identifier“ (BT-63) sowie die Umsatzsteuer-Identifikationsnummer des Erwerbers „Buyer VAT identifier“ (BT-48) enthalten.
2020-01-26 17:29:31.511 [main] ERROR ZUV.ZUGFeRDValidator - Error 4: 
	Eine Rechnung (INVOICE), die eine Position enthält, in der als Code der Umsatzsteuerkategorie für den in Rechnung gestellten Posten „Invoiced item VAT category code“ (BT-151) der Wert „intra-community supply“ angegeben ist, müssen die Umsatzsteuer-Identifikationsnummer des Verkäufers „Seller VAT identifier“ (BT-31) oder die Umsatzsteuer-Identifikationsnummer des Steuervertreters des Verkäufers „Seller tax representative VAT identifier“ (BT-63) sowie die Umsatzsteuer-Identifikationsnummer des Erwerbers „Buyer VAT identifier“ (BT-48) enthalten.
2020-01-26 17:29:31.511 [main] ERROR ZUV.ZUGFeRDValidator - Error 4: 
	Wert von '@schemeID' ist unzulässig.
2020-01-26 17:29:31.511 [main] INFO  c.h.s.x.SchematronResourceXSLTCache - Compiling XSLT instance [cpPath=/xslt/cii16931schematron/EN16931-CII-validation.xslt; urlResolved=true; URL=jar:file:/Users/jstaerk/workspace/ZUV/target/ZUV-0.8.4-Restricted.jar!/xslt/cii16931schematron/EN16931-CII-validation.xslt]
2020-01-26 17:29:32.060 [main] ERROR ZUV.ZUGFeRDValidator - Error 24: [BR-IC-02]-An Invoice that contains an Invoice line (BG-25) where the Invoiced item VAT category code (BT-151) is "Intra-community supply" shall contain the Seller VAT Identifier (BT-31) or the Seller tax representative VAT identifier (BT-63) and the Buyer VAT identifier (BT-48).
2020-01-26 17:29:32.061 [main] ERROR ZUV.ZUGFeRDValidator - Error 24: [BR-IC-02]-An Invoice that contains an Invoice line (BG-25) where the Invoiced item VAT category code (BT-151) is "Intra-community supply" shall contain the Seller VAT Identifier (BT-31) or the Seller tax representative VAT identifier (BT-63) and the Buyer VAT identifier (BT-48).
2020-01-26 17:29:32.061 [main] ERROR ZUV.ZUGFeRDValidator - Error 24: [BR-IC-02]-An Invoice that contains an Invoice line (BG-25) where the Invoiced item VAT category code (BT-151) is "Intra-community supply" shall contain the Seller VAT Identifier (BT-31) or the Seller tax representative VAT identifier (BT-63) and the Buyer VAT identifier (BT-48).
2020-01-26 17:29:32.061 [main] ERROR ZUV.ZUGFeRDValidator - Error 24: [CII-SR-314] - SpecifiedTaxRegistration should not be present
2020-01-26 17:29:32.062 [main] INFO  ZUV.ZUGFeRDValidator - Parsed PDF:invalid XML:invalid Signature:Mustang Checksum:59A2B532135AA3119808DCAA8AED16FAF4F788B0 Profile:urn:cen.eu:en16931:2017 Version:2 Took:1580056172061ms
2020-01-26 17:39:27.383 [main] ERROR ZUV.ZUGFeRDValidator - Error 23: Not a PDF/A-3
2020-01-26 17:39:27.533 [main] ERROR ZUV.ZUGFeRDValidator - Error 18: schema validation fails:org.xml.sax.SAXParseException; lineNumber: 42; columnNumber: 32; cvc-complex-type.2.4.a: Ungültiger Content wurde beginnend mit Element "ram:ExemptionReason" gefunden. "{"urn:un:unece:uncefact:data:standard:ReusableAggregateBusinessInformationEntity:100":ExemptionReasonCode, "urn:un:unece:uncefact:data:standard:ReusableAggregateBusinessInformationEntity:100":TaxPointDate, "urn:un:unece:uncefact:data:standard:ReusableAggregateBusinessInformationEntity:100":DueDateTypeCode, "urn:un:unece:uncefact:data:standard:ReusableAggregateBusinessInformationEntity:100":RateApplicablePercent}" wird erwartet.
2020-01-26 17:39:27.587 [main] INFO  c.h.s.x.SchematronResourceXSLTCache - Compiling XSLT instance [cpPath=/xslt/zugferd2p0_en16931.xslt; urlResolved=true; URL=jar:file:/Users/jstaerk/workspace/ZUV/target/ZUV-0.8.4-Restricted.jar!/xslt/zugferd2p0_en16931.xslt]
2020-01-26 17:39:32.791 [main] INFO  com.helger.jaxb.JAXBContextCache - Creating JAXB context for package org.oclc.purl.dsdl.svrl using ClassLoader sun.misc.Launcher$AppClassLoader@55f96302
2020-01-26 17:39:32.982 [main] ERROR ZUV.ZUGFeRDValidator - Error 4: 
	Wert von '@schemeID' ist unzulässig.
2020-01-26 17:39:32.983 [main] INFO  c.h.s.x.SchematronResourceXSLTCache - Compiling XSLT instance [cpPath=/xslt/cii16931schematron/EN16931-CII-validation.xslt; urlResolved=true; URL=jar:file:/Users/jstaerk/workspace/ZUV/target/ZUV-0.8.4-Restricted.jar!/xslt/cii16931schematron/EN16931-CII-validation.xslt]
2020-01-26 17:39:33.600 [main] ERROR ZUV.ZUGFeRDValidator - Error 24: [CII-SR-314] - SpecifiedTaxRegistration should not be present
2020-01-26 17:39:33.601 [main] INFO  ZUV.ZUGFeRDValidator - Parsed PDF:invalid XML:invalid Signature:Mustang Checksum:4A9DEA3CCBE63E46BA17CE6FC082A6FA546F0E85 Profile:urn:cen.eu:en16931:2017 Version:2 Took:1580056773600ms
2020-01-26 17:42:57.546 [main] ERROR ZUV.ZUGFeRDValidator - Error 23: Not a PDF/A-3
2020-01-26 17:42:57.692 [main] ERROR ZUV.ZUGFeRDValidator - Error 18: schema validation fails:org.xml.sax.SAXParseException; lineNumber: 42; columnNumber: 32; cvc-complex-type.2.4.a: Ungültiger Content wurde beginnend mit Element "ram:ExemptionReason" gefunden. "{"urn:un:unece:uncefact:data:standard:ReusableAggregateBusinessInformationEntity:100":ExemptionReasonCode, "urn:un:unece:uncefact:data:standard:ReusableAggregateBusinessInformationEntity:100":TaxPointDate, "urn:un:unece:uncefact:data:standard:ReusableAggregateBusinessInformationEntity:100":DueDateTypeCode, "urn:un:unece:uncefact:data:standard:ReusableAggregateBusinessInformationEntity:100":RateApplicablePercent}" wird erwartet.
2020-01-26 17:42:57.736 [main] INFO  c.h.s.x.SchematronResourceXSLTCache - Compiling XSLT instance [cpPath=/xslt/zugferd2p0_en16931.xslt; urlResolved=true; URL=jar:file:/Users/jstaerk/workspace/ZUV/target/ZUV-0.8.4-Restricted.jar!/xslt/zugferd2p0_en16931.xslt]
2020-01-26 17:43:03.385 [main] INFO  com.helger.jaxb.JAXBContextCache - Creating JAXB context for package org.oclc.purl.dsdl.svrl using ClassLoader sun.misc.Launcher$AppClassLoader@55f96302
2020-01-26 17:43:03.564 [main] ERROR ZUV.ZUGFeRDValidator - Error 4: 
	Wert von '@schemeID' ist unzulässig.
2020-01-26 17:43:03.565 [main] INFO  c.h.s.x.SchematronResourceXSLTCache - Compiling XSLT instance [cpPath=/xslt/cii16931schematron/EN16931-CII-validation.xslt; urlResolved=true; URL=jar:file:/Users/jstaerk/workspace/ZUV/target/ZUV-0.8.4-Restricted.jar!/xslt/cii16931schematron/EN16931-CII-validation.xslt]
2020-01-26 17:43:04.141 [main] ERROR ZUV.ZUGFeRDValidator - Error 24: [CII-SR-314] - SpecifiedTaxRegistration should not be present
2020-01-26 17:43:04.142 [main] INFO  ZUV.ZUGFeRDValidator - Parsed PDF:invalid XML:invalid Signature:Mustang Checksum:4CE0D1B4B33A8BE26442B0634894FC1E772753EA Profile:urn:cen.eu:en16931:2017 Version:2 Took:1580056984142ms
2020-01-26 17:45:39.295 [main] ERROR ZUV.ZUGFeRDValidator - Error 23: Not a PDF/A-3
2020-01-26 17:45:39.501 [main] INFO  c.h.s.x.SchematronResourceXSLTCache - Compiling XSLT instance [cpPath=/xslt/zugferd2p0_en16931.xslt; urlResolved=true; URL=jar:file:/Users/jstaerk/workspace/ZUV/target/ZUV-0.8.4-Restricted.jar!/xslt/zugferd2p0_en16931.xslt]
2020-01-26 17:45:45.516 [main] INFO  com.helger.jaxb.JAXBContextCache - Creating JAXB context for package org.oclc.purl.dsdl.svrl using ClassLoader sun.misc.Launcher$AppClassLoader@55f96302
2020-01-26 17:45:45.699 [main] ERROR ZUV.ZUGFeRDValidator - Error 4: 
	Wert von '@schemeID' ist unzulässig.
2020-01-26 17:45:45.699 [main] INFO  c.h.s.x.SchematronResourceXSLTCache - Compiling XSLT instance [cpPath=/xslt/cii16931schematron/EN16931-CII-validation.xslt; urlResolved=true; URL=jar:file:/Users/jstaerk/workspace/ZUV/target/ZUV-0.8.4-Restricted.jar!/xslt/cii16931schematron/EN16931-CII-validation.xslt]
2020-01-26 17:45:46.226 [main] ERROR ZUV.ZUGFeRDValidator - Error 24: [CII-SR-314] - SpecifiedTaxRegistration should not be present
2020-01-26 17:45:46.227 [main] INFO  ZUV.ZUGFeRDValidator - Parsed PDF:invalid XML:invalid Signature:Mustang Checksum:4BFEF5BC4A69634E50A5AEBA459E90B5341F1999 Profile:urn:cen.eu:en16931:2017 Version:2 Took:1580057146227ms
2020-01-26 17:46:51.337 [main] ERROR ZUV.ZUGFeRDValidator - Error 23: Not a PDF/A-3
2020-01-26 17:46:51.529 [main] INFO  c.h.s.x.SchematronResourceXSLTCache - Compiling XSLT instance [cpPath=/xslt/zugferd2p0_en16931.xslt; urlResolved=true; URL=jar:file:/Users/jstaerk/workspace/ZUV/target/ZUV-0.8.4-Restricted.jar!/xslt/zugferd2p0_en16931.xslt]
2020-01-26 17:46:56.709 [main] INFO  com.helger.jaxb.JAXBContextCache - Creating JAXB context for package org.oclc.purl.dsdl.svrl using ClassLoader sun.misc.Launcher$AppClassLoader@55f96302
2020-01-26 17:46:56.885 [main] ERROR ZUV.ZUGFeRDValidator - Error 4: 
	Wert von '@schemeID' ist unzulässig.
2020-01-26 17:46:56.886 [main] INFO  c.h.s.x.SchematronResourceXSLTCache - Compiling XSLT instance [cpPath=/xslt/cii16931schematron/EN16931-CII-validation.xslt; urlResolved=true; URL=jar:file:/Users/jstaerk/workspace/ZUV/target/ZUV-0.8.4-Restricted.jar!/xslt/cii16931schematron/EN16931-CII-validation.xslt]
2020-01-26 17:46:57.463 [main] ERROR ZUV.ZUGFeRDValidator - Error 24: [CII-SR-314] - SpecifiedTaxRegistration should not be present
2020-01-26 17:46:57.464 [main] INFO  ZUV.ZUGFeRDValidator - Parsed PDF:invalid XML:invalid Signature:Mustang Checksum:4BFEF5BC4A69634E50A5AEBA459E90B5341F1999 Profile:urn:cen.eu:en16931:2017 Version:2 Took:1580057217464ms
