2020-02-15 13:37:39.633 [main] ERROR ZUV.ZUGFeRDValidator - Fatal Error 1: File testout-ZF2new.pdf not found
2020-02-15 13:37:39.636 [main] INFO  ZUV.ZUGFeRDValidator - Parsed PDF:invalid XML:invalid Signature:null Checksum:null Profile:null Version:null Took:1581770259636ms
2020-02-15 13:37:50.241 [main] ERROR ZUV.ZUGFeRDValidator - Error 23: Not a PDF/A-3
2020-02-15 13:37:50.569 [main] ERROR ZUV.ZUGFeRDValidator - Error 18: schema validation fails:org.xml.sax.SAXParseException; lineNumber: 116; columnNumber: 16; cvc-complex-type.2.4.a: Ungültiger Content wurde beginnend mit Element "test" gefunden. "{"urn:un:unece:uncefact:data:standard:ReusableAggregateBusinessInformationEntity:100":ID, "urn:un:unece:uncefact:data:standard:ReusableAggregateBusinessInformationEntity:100":GlobalID, "urn:un:unece:uncefact:data:standard:ReusableAggregateBusinessInformationEntity:100":Name, "urn:un:unece:uncefact:data:standard:ReusableAggregateBusinessInformationEntity:100":Description, "urn:un:unece:uncefact:data:standard:ReusableAggregateBusinessInformationEntity:100":SpecifiedLegalOrganization, "urn:un:unece:uncefact:data:standard:ReusableAggregateBusinessInformationEntity:100":DefinedTradeContact, "urn:un:unece:uncefact:data:standard:ReusableAggregateBusinessInformationEntity:100":PostalTradeAddress, "urn:un:unece:uncefact:data:standard:ReusableAggregateBusinessInformationEntity:100":URIUniversalCommunication, "urn:un:unece:uncefact:data:standard:ReusableAggregateBusinessInformationEntity:100":SpecifiedTaxRegistration}" wird erwartet.
2020-02-15 13:37:50.634 [main] INFO  c.h.s.x.SchematronResourceXSLTCache - Compiling XSLT instance [cpPath=/xslt/zugferd21_en16931.xsl; urlResolved=true; URL=jar:file:/Users/jstaerk/workspace/ZUV/target/ZUV-0.8.4-RESTRICTED.jar!/xslt/zugferd21_en16931.xsl]
2020-02-15 13:37:57.381 [main] INFO  com.helger.jaxb.JAXBContextCache - Creating JAXB context for package org.oclc.purl.dsdl.svrl using ClassLoader sun.misc.Launcher$AppClassLoader@55f96302
2020-02-15 13:37:57.612 [main] ERROR ZUV.ZUGFeRDValidator - Error 4: 
	Value of '@schemeID' is not allowed.
2020-02-15 13:37:57.613 [main] INFO  c.h.s.x.SchematronResourceXSLTCache - Compiling XSLT instance [cpPath=/xslt/cii16931schematron/EN16931-CII-validation.xslt; urlResolved=true; URL=jar:file:/Users/jstaerk/workspace/ZUV/target/ZUV-0.8.4-RESTRICTED.jar!/xslt/cii16931schematron/EN16931-CII-validation.xslt]
2020-02-15 13:37:58.291 [main] INFO  ZUV.ZUGFeRDValidator - Parsed PDF:invalid XML:invalid Signature:Mustang Checksum:E861C5CF2CD9FC00C1DB0AA47A95077573C09A69 Profile:urn:cen.eu:en16931:2017 Version:2 Took:1581770278291ms
2020-02-15 13:41:45.916 [main] ERROR ZUV.ZUGFeRDValidator - Error 23: Not a PDF/A-3
2020-02-15 13:41:46.223 [main] ERROR ZUV.ZUGFeRDValidator - Error 18: schema validation fails:org.xml.sax.SAXParseException; lineNumber: 119; columnNumber: 19; cvc-complex-type.2.4.a: Ungültiger Content wurde beginnend mit Element "ram:Name" gefunden. "{"urn:un:unece:uncefact:data:standard:ReusableAggregateBusinessInformationEntity:100":SpecifiedTaxRegistration}" wird erwartet.
2020-02-15 13:41:46.304 [main] INFO  c.h.s.x.SchematronResourceXSLTCache - Compiling XSLT instance [cpPath=/xslt/zugferd21_en16931.xsl; urlResolved=true; URL=jar:file:/Users/jstaerk/workspace/ZUV/target/ZUV-0.8.4-RESTRICTED.jar!/xslt/zugferd21_en16931.xsl]
2020-02-15 13:41:52.739 [main] INFO  com.helger.jaxb.JAXBContextCache - Creating JAXB context for package org.oclc.purl.dsdl.svrl using ClassLoader sun.misc.Launcher$AppClassLoader@55f96302
2020-02-15 13:41:52.970 [main] ERROR ZUV.ZUGFeRDValidator - Error 4: 
	Value of '@schemeID' is not allowed.
2020-02-15 13:41:52.976 [main] ERROR ZUV.ZUGFeRDValidator - Error 4: 
	Attribute '@schemeID' is required in this context.
2020-02-15 13:41:52.977 [main] INFO  c.h.s.x.SchematronResourceXSLTCache - Compiling XSLT instance [cpPath=/xslt/cii16931schematron/EN16931-CII-validation.xslt; urlResolved=true; URL=jar:file:/Users/jstaerk/workspace/ZUV/target/ZUV-0.8.4-RESTRICTED.jar!/xslt/cii16931schematron/EN16931-CII-validation.xslt]
2020-02-15 13:41:53.655 [main] INFO  ZUV.ZUGFeRDValidator - Parsed PDF:invalid XML:invalid Signature:Mustang Checksum:395996F7EE3669289A084C89E0770CF54ED7A4CB Profile:urn:cen.eu:en16931:2017 Version:2 Took:1581770513655ms
2020-02-16 12:58:12.795 [main] ERROR ZUV.ZUGFeRDValidator - Error 23: Not a PDF/A-3
2020-02-16 12:58:13.073 [main] ERROR ZUV.ZUGFeRDValidator - Error 18: schema validation fails:org.xml.sax.SAXParseException; lineNumber: 119; columnNumber: 19; cvc-complex-type.2.4.a: Ungültiger Content wurde beginnend mit Element "ram:Name" gefunden. "{"urn:un:unece:uncefact:data:standard:ReusableAggregateBusinessInformationEntity:100":SpecifiedTaxRegistration}" wird erwartet.
2020-02-16 12:58:13.130 [main] INFO  c.h.s.x.SchematronResourceXSLTCache - Compiling XSLT instance [cpPath=/xslt/zugferd21_en16931.xsl; urlResolved=true; URL=jar:file:/Users/jstaerk/workspace/ZUV/target/ZUV-0.8.4-RESTRICTED.jar!/xslt/zugferd21_en16931.xsl]
2020-02-16 12:58:18.847 [main] INFO  com.helger.jaxb.JAXBContextCache - Creating JAXB context for package org.oclc.purl.dsdl.svrl using ClassLoader sun.misc.Launcher$AppClassLoader@55f96302
2020-02-16 12:58:19.012 [main] ERROR ZUV.ZUGFeRDValidator - Error 4: 
	Value of '@schemeID' is not allowed.
2020-02-16 12:58:19.012 [main] ERROR ZUV.ZUGFeRDValidator - Error 4: 
	Attribute '@schemeID' is required in this context.
2020-02-16 12:58:19.012 [main] INFO  c.h.s.x.SchematronResourceXSLTCache - Compiling XSLT instance [cpPath=/xslt/cii16931schematron/EN16931-CII-validation.xslt; urlResolved=true; URL=jar:file:/Users/jstaerk/workspace/ZUV/target/ZUV-0.8.4-RESTRICTED.jar!/xslt/cii16931schematron/EN16931-CII-validation.xslt]
2020-02-16 12:58:19.557 [main] INFO  ZUV.ZUGFeRDValidator - Parsed PDF:invalid XML:invalid Signature:Mustang Checksum:395996F7EE3669289A084C89E0770CF54ED7A4CB Profile:urn:cen.eu:en16931:2017 Version:2 Took:1581854299557ms
2020-02-16 12:58:30.404 [main] ERROR ZUV.ZUGFeRDValidator - Error 23: Not a PDF/A-3
2020-02-16 12:58:30.656 [main] ERROR ZUV.ZUGFeRDValidator - Error 18: schema validation fails:org.xml.sax.SAXParseException; lineNumber: 42; columnNumber: 29; cvc-complex-type.2.4.a: Ungültiger Content wurde beginnend mit Element "ram:CategoryCode" gefunden. "{"urn:un:unece:uncefact:data:standard:ReusableAggregateBusinessInformationEntity:100":TaxPointDate, "urn:un:unece:uncefact:data:standard:ReusableAggregateBusinessInformationEntity:100":DueDateTypeCode, "urn:un:unece:uncefact:data:standard:ReusableAggregateBusinessInformationEntity:100":RateApplicablePercent}" wird erwartet.
2020-02-16 12:58:30.708 [main] INFO  c.h.s.x.SchematronResourceXSLTCache - Compiling XSLT instance [cpPath=/xslt/zugferd21_en16931.xsl; urlResolved=true; URL=jar:file:/Users/jstaerk/workspace/ZUV/target/ZUV-0.8.4-RESTRICTED.jar!/xslt/zugferd21_en16931.xsl]
2020-02-16 12:58:36.341 [main] INFO  com.helger.jaxb.JAXBContextCache - Creating JAXB context for package org.oclc.purl.dsdl.svrl using ClassLoader sun.misc.Launcher$AppClassLoader@55f96302
2020-02-16 12:58:36.494 [main] ERROR ZUV.ZUGFeRDValidator - Error 4: 
	Value of '@schemeID' is not allowed.
2020-02-16 12:58:36.494 [main] ERROR ZUV.ZUGFeRDValidator - Error 4: 
	Attribute '@schemeID' is required in this context.
2020-02-16 12:58:36.494 [main] ERROR ZUV.ZUGFeRDValidator - Error 4: 
	Element 'ram:TypeCode' must occur exactly 1 times.
2020-02-16 12:58:36.495 [main] INFO  c.h.s.x.SchematronResourceXSLTCache - Compiling XSLT instance [cpPath=/xslt/cii16931schematron/EN16931-CII-validation.xslt; urlResolved=true; URL=jar:file:/Users/jstaerk/workspace/ZUV/target/ZUV-0.8.4-RESTRICTED.jar!/xslt/cii16931schematron/EN16931-CII-validation.xslt]
2020-02-16 12:58:37.086 [main] ERROR ZUV.ZUGFeRDValidator - Error 24: [CII-SR-314] - SpecifiedTaxRegistration should not be present
2020-02-16 12:58:37.086 [main] ERROR ZUV.ZUGFeRDValidator - Error 24: [BR-CL-22]-Tax exemption reason code identifier scheme identifier MUST belong to the CEF VATEX code list
2020-02-16 12:58:37.086 [main] ERROR ZUV.ZUGFeRDValidator - Error 24: [BR-CL-22]-Tax exemption reason code identifier scheme identifier MUST belong to the CEF VATEX code list
2020-02-16 12:58:37.086 [main] ERROR ZUV.ZUGFeRDValidator - Error 24: [BR-CL-22]-Tax exemption reason code identifier scheme identifier MUST belong to the CEF VATEX code list
2020-02-16 12:58:37.087 [main] INFO  ZUV.ZUGFeRDValidator - Parsed PDF:invalid XML:invalid Signature:Mustang Checksum:533BAFD37E73C9FFC716BBFBECBF42E8C085989C Profile:urn:cen.eu:en16931:2017 Version:2 Took:1581854317087ms
2020-02-16 13:04:02.397 [main] ERROR ZUV.ZUGFeRDValidator - Error 23: Not a PDF/A-3
2020-02-16 13:04:02.638 [main] ERROR ZUV.ZUGFeRDValidator - Error 18: schema validation fails:org.xml.sax.SAXParseException; lineNumber: 119; columnNumber: 19; cvc-complex-type.2.4.a: Ungültiger Content wurde beginnend mit Element "ram:Name" gefunden. "{"urn:un:unece:uncefact:data:standard:ReusableAggregateBusinessInformationEntity:100":SpecifiedTaxRegistration}" wird erwartet.
2020-02-16 13:04:02.679 [main] INFO  c.h.s.x.SchematronResourceXSLTCache - Compiling XSLT instance [cpPath=/xslt/zugferd21_en16931.xsl; urlResolved=true; URL=jar:file:/Users/jstaerk/workspace/ZUV/target/ZUV-0.8.4-RESTRICTED.jar!/xslt/zugferd21_en16931.xsl]
2020-02-16 13:04:07.972 [main] INFO  com.helger.jaxb.JAXBContextCache - Creating JAXB context for package org.oclc.purl.dsdl.svrl using ClassLoader sun.misc.Launcher$AppClassLoader@55f96302
2020-02-16 13:04:08.141 [main] ERROR ZUV.ZUGFeRDValidator - Error 4: 
	Value of '@schemeID' is not allowed.
2020-02-16 13:04:08.141 [main] ERROR ZUV.ZUGFeRDValidator - Error 4: 
	Attribute '@schemeID' is required in this context.
2020-02-16 13:04:08.142 [main] INFO  c.h.s.x.SchematronResourceXSLTCache - Compiling XSLT instance [cpPath=/xslt/cii16931schematron/EN16931-CII-validation.xslt; urlResolved=true; URL=jar:file:/Users/jstaerk/workspace/ZUV/target/ZUV-0.8.4-RESTRICTED.jar!/xslt/cii16931schematron/EN16931-CII-validation.xslt]
2020-02-16 13:04:08.662 [main] INFO  ZUV.ZUGFeRDValidator - Parsed PDF:invalid XML:invalid Signature:Mustang Checksum:395996F7EE3669289A084C89E0770CF54ED7A4CB Profile:urn:cen.eu:en16931:2017 Version:2 Took:1581854648661ms
2020-02-16 13:06:27.607 [main] ERROR ZUV.ZUGFeRDValidator - Error 18: schema validation fails:org.xml.sax.SAXParseException; lineNumber: 119; columnNumber: 19; cvc-complex-type.2.4.a: Ungültiger Content wurde beginnend mit Element "ram:Name" gefunden. "{"urn:un:unece:uncefact:data:standard:ReusableAggregateBusinessInformationEntity:100":SpecifiedTaxRegistration}" wird erwartet.
2020-02-16 13:06:27.730 [main] INFO  c.h.s.x.SchematronResourceXSLTCache - Compiling XSLT instance [cpPath=/xslt/zugferd21_en16931.xsl; urlResolved=true; URL=jar:file:/Users/jstaerk/workspace/ZUV/target/ZUV-0.8.4-RESTRICTED.jar!/xslt/zugferd21_en16931.xsl]
2020-02-16 13:06:32.856 [main] INFO  com.helger.jaxb.JAXBContextCache - Creating JAXB context for package org.oclc.purl.dsdl.svrl using ClassLoader sun.misc.Launcher$AppClassLoader@55f96302
2020-02-16 13:06:33.201 [main] ERROR ZUV.ZUGFeRDValidator - Error 4: 
	Value of '@schemeID' is not allowed.
2020-02-16 13:06:33.202 [main] ERROR ZUV.ZUGFeRDValidator - Error 4: 
	Attribute '@schemeID' is required in this context.
2020-02-16 13:06:33.202 [main] INFO  c.h.s.x.SchematronResourceXSLTCache - Compiling XSLT instance [cpPath=/xslt/cii16931schematron/EN16931-CII-validation.xslt; urlResolved=true; URL=jar:file:/Users/jstaerk/workspace/ZUV/target/ZUV-0.8.4-RESTRICTED.jar!/xslt/cii16931schematron/EN16931-CII-validation.xslt]
2020-02-16 13:06:33.961 [main] INFO  ZUV.ZUGFeRDValidator - Parsed PDF:valid XML:invalid Signature:null Checksum:798F1730147F6D54FD4A43A822792B5ACF1D641A Profile:urn:cen.eu:en16931:2017 Version:2 Took:1581854793961ms
2020-02-16 13:09:33.633 [main] ERROR ZUV.ZUGFeRDValidator - Error 18: schema validation fails:org.xml.sax.SAXParseException; lineNumber: 119; columnNumber: 19; cvc-complex-type.2.4.a: Ungültiger Content wurde beginnend mit Element "ram:Name" gefunden. "{"urn:un:unece:uncefact:data:standard:ReusableAggregateBusinessInformationEntity:100":SpecifiedTaxRegistration}" wird erwartet.
2020-02-16 13:09:33.760 [main] INFO  c.h.s.x.SchematronResourceXSLTCache - Compiling XSLT instance [cpPath=/xslt/zugferd21_en16931.xsl; urlResolved=true; URL=jar:file:/Users/jstaerk/workspace/ZUV/target/ZUV-0.8.4-RESTRICTED.jar!/xslt/zugferd21_en16931.xsl]
2020-02-16 13:09:38.398 [main] INFO  com.helger.jaxb.JAXBContextCache - Creating JAXB context for package org.oclc.purl.dsdl.svrl using ClassLoader sun.misc.Launcher$AppClassLoader@55f96302
2020-02-16 13:09:38.696 [main] ERROR ZUV.ZUGFeRDValidator - Error 4: 
	Value of '@schemeID' is not allowed.
2020-02-16 13:09:38.696 [main] ERROR ZUV.ZUGFeRDValidator - Error 4: 
	Attribute '@schemeID' is required in this context.
2020-02-16 13:09:38.696 [main] INFO  c.h.s.x.SchematronResourceXSLTCache - Compiling XSLT instance [cpPath=/xslt/cii16931schematron/EN16931-CII-validation.xslt; urlResolved=true; URL=jar:file:/Users/jstaerk/workspace/ZUV/target/ZUV-0.8.4-RESTRICTED.jar!/xslt/cii16931schematron/EN16931-CII-validation.xslt]
2020-02-16 13:09:39.293 [main] INFO  ZUV.ZUGFeRDValidator - Parsed PDF:valid XML:invalid Signature:null Checksum:798F1730147F6D54FD4A43A822792B5ACF1D641A Profile:urn:cen.eu:en16931:2017 Version:2 Took:1581854979293ms
2020-02-16 13:10:56.568 [main] ERROR ZUV.ZUGFeRDValidator - Error 18: schema validation fails:org.xml.sax.SAXParseException; lineNumber: 119; columnNumber: 19; cvc-complex-type.2.4.a: Ungültiger Content wurde beginnend mit Element "ram:Name" gefunden. "{"urn:un:unece:uncefact:data:standard:ReusableAggregateBusinessInformationEntity:100":SpecifiedTaxRegistration}" wird erwartet.
2020-02-16 13:10:56.687 [main] INFO  c.h.s.x.SchematronResourceXSLTCache - Compiling XSLT instance [cpPath=/xslt/zugferd21_en16931.xsl; urlResolved=true; URL=jar:file:/Users/jstaerk/workspace/ZUV/target/ZUV-0.8.4-RESTRICTED.jar!/xslt/zugferd21_en16931.xsl]
2020-02-16 13:11:01.688 [main] INFO  com.helger.jaxb.JAXBContextCache - Creating JAXB context for package org.oclc.purl.dsdl.svrl using ClassLoader sun.misc.Launcher$AppClassLoader@55f96302
2020-02-16 13:11:02.004 [main] ERROR ZUV.ZUGFeRDValidator - Error 4: 
	Value of '@schemeID' is not allowed.
2020-02-16 13:11:02.004 [main] ERROR ZUV.ZUGFeRDValidator - Error 4: 
	Attribute '@schemeID' is required in this context.
2020-02-16 13:11:02.004 [main] INFO  c.h.s.x.SchematronResourceXSLTCache - Compiling XSLT instance [cpPath=/xslt/cii16931schematron/EN16931-CII-validation.xslt; urlResolved=true; URL=jar:file:/Users/jstaerk/workspace/ZUV/target/ZUV-0.8.4-RESTRICTED.jar!/xslt/cii16931schematron/EN16931-CII-validation.xslt]
2020-02-16 13:11:02.670 [main] INFO  ZUV.ZUGFeRDValidator - Parsed PDF:valid XML:invalid Signature:null Checksum:798F1730147F6D54FD4A43A822792B5ACF1D641A Profile:urn:cen.eu:en16931:2017 Version:2 Took:1581855062670ms
2020-02-16 13:12:45.837 [main] INFO  c.h.s.x.SchematronResourceXSLTCache - Compiling XSLT instance [cpPath=/xslt/zugferd21_en16931.xsl; urlResolved=true; URL=jar:file:/Users/jstaerk/workspace/ZUV/target/ZUV-0.8.4-RESTRICTED.jar!/xslt/zugferd21_en16931.xsl]
2020-02-16 13:12:50.536 [main] INFO  com.helger.jaxb.JAXBContextCache - Creating JAXB context for package org.oclc.purl.dsdl.svrl using ClassLoader sun.misc.Launcher$AppClassLoader@55f96302
2020-02-16 13:12:50.826 [main] ERROR ZUV.ZUGFeRDValidator - Error 4: 
	Value of '@schemeID' is not allowed.
2020-02-16 13:12:50.826 [main] INFO  c.h.s.x.SchematronResourceXSLTCache - Compiling XSLT instance [cpPath=/xslt/cii16931schematron/EN16931-CII-validation.xslt; urlResolved=true; URL=jar:file:/Users/jstaerk/workspace/ZUV/target/ZUV-0.8.4-RESTRICTED.jar!/xslt/cii16931schematron/EN16931-CII-validation.xslt]
2020-02-16 13:12:51.423 [main] INFO  ZUV.ZUGFeRDValidator - Parsed PDF:valid XML:invalid Signature:null Checksum:488E84CBDBEE6199C04ABFBF396B710BAF9F3C60 Profile:urn:cen.eu:en16931:2017 Version:2 Took:1581855171423ms
2020-02-16 18:19:02.676 [main] ERROR ZUV.ZUGFeRDValidator - Error 23: Not a PDF/A-3
2020-02-16 18:19:02.946 [main] ERROR ZUV.ZUGFeRDValidator - Error 18: schema validation fails:org.xml.sax.SAXParseException; lineNumber: 42; columnNumber: 29; cvc-complex-type.2.4.a: Ungültiger Content wurde beginnend mit Element "ram:CategoryCode" gefunden. "{"urn:un:unece:uncefact:data:standard:ReusableAggregateBusinessInformationEntity:100":TaxPointDate, "urn:un:unece:uncefact:data:standard:ReusableAggregateBusinessInformationEntity:100":DueDateTypeCode, "urn:un:unece:uncefact:data:standard:ReusableAggregateBusinessInformationEntity:100":RateApplicablePercent}" wird erwartet.
2020-02-16 18:19:03.006 [main] INFO  c.h.s.x.SchematronResourceXSLTCache - Compiling XSLT instance [cpPath=/xslt/zugferd21_en16931.xsl; urlResolved=true; URL=jar:file:/Users/jstaerk/workspace/ZUV/target/ZUV-0.8.4-RESTRICTED.jar!/xslt/zugferd21_en16931.xsl]
2020-02-16 18:19:08.256 [main] INFO  com.helger.jaxb.JAXBContextCache - Creating JAXB context for package org.oclc.purl.dsdl.svrl using ClassLoader sun.misc.Launcher$AppClassLoader@55f96302
2020-02-16 18:19:08.419 [main] ERROR ZUV.ZUGFeRDValidator - Error 4: 
	Value of '@schemeID' is not allowed.
2020-02-16 18:19:08.420 [main] ERROR ZUV.ZUGFeRDValidator - Error 4: 
	Element 'ram:TypeCode' must occur exactly 1 times.
2020-02-16 18:19:08.420 [main] INFO  c.h.s.x.SchematronResourceXSLTCache - Compiling XSLT instance [cpPath=/xslt/cii16931schematron/EN16931-CII-validation.xslt; urlResolved=true; URL=jar:file:/Users/jstaerk/workspace/ZUV/target/ZUV-0.8.4-RESTRICTED.jar!/xslt/cii16931schematron/EN16931-CII-validation.xslt]
2020-02-16 18:19:08.946 [main] ERROR ZUV.ZUGFeRDValidator - Error 24: [CII-SR-314] - SpecifiedTaxRegistration should not be present
2020-02-16 18:19:08.946 [main] ERROR ZUV.ZUGFeRDValidator - Error 24: [BR-CL-22]-Tax exemption reason code identifier scheme identifier MUST belong to the CEF VATEX code list
2020-02-16 18:19:08.946 [main] ERROR ZUV.ZUGFeRDValidator - Error 24: [BR-CL-22]-Tax exemption reason code identifier scheme identifier MUST belong to the CEF VATEX code list
2020-02-16 18:19:08.947 [main] ERROR ZUV.ZUGFeRDValidator - Error 24: [BR-CL-22]-Tax exemption reason code identifier scheme identifier MUST belong to the CEF VATEX code list
2020-02-16 18:19:08.947 [main] INFO  ZUV.ZUGFeRDValidator - Parsed PDF:invalid XML:invalid Signature:Mustang Checksum:F5FFC130AEEC4F207F5E963F911FA7B1AEE2EE0F Profile:urn:cen.eu:en16931:2017 Version:2 Took:1581873548947ms
2020-02-16 18:20:16.445 [main] ERROR ZUV.ZUGFeRDValidator - Error 18: schema validation fails:org.xml.sax.SAXParseException; lineNumber: 42; columnNumber: 29; cvc-complex-type.2.4.a: Ungültiger Content wurde beginnend mit Element "ram:CategoryCode" gefunden. "{"urn:un:unece:uncefact:data:standard:ReusableAggregateBusinessInformationEntity:100":TaxPointDate, "urn:un:unece:uncefact:data:standard:ReusableAggregateBusinessInformationEntity:100":DueDateTypeCode, "urn:un:unece:uncefact:data:standard:ReusableAggregateBusinessInformationEntity:100":RateApplicablePercent}" wird erwartet.
2020-02-16 18:20:16.576 [main] INFO  c.h.s.x.SchematronResourceXSLTCache - Compiling XSLT instance [cpPath=/xslt/zugferd21_en16931.xsl; urlResolved=true; URL=jar:file:/Users/jstaerk/workspace/ZUV/target/ZUV-0.8.4-RESTRICTED.jar!/xslt/zugferd21_en16931.xsl]
2020-02-16 18:20:21.333 [main] INFO  com.helger.jaxb.JAXBContextCache - Creating JAXB context for package org.oclc.purl.dsdl.svrl using ClassLoader sun.misc.Launcher$AppClassLoader@55f96302
2020-02-16 18:20:21.665 [main] ERROR ZUV.ZUGFeRDValidator - Error 4: 
	Value of '@schemeID' is not allowed.
2020-02-16 18:20:21.666 [main] ERROR ZUV.ZUGFeRDValidator - Error 4: 
	Element 'ram:TypeCode' must occur exactly 1 times.
2020-02-16 18:20:21.667 [main] INFO  c.h.s.x.SchematronResourceXSLTCache - Compiling XSLT instance [cpPath=/xslt/cii16931schematron/EN16931-CII-validation.xslt; urlResolved=true; URL=jar:file:/Users/jstaerk/workspace/ZUV/target/ZUV-0.8.4-RESTRICTED.jar!/xslt/cii16931schematron/EN16931-CII-validation.xslt]
2020-02-16 18:20:22.325 [main] ERROR ZUV.ZUGFeRDValidator - Error 24: [CII-SR-314] - SpecifiedTaxRegistration should not be present
2020-02-16 18:20:22.326 [main] ERROR ZUV.ZUGFeRDValidator - Error 24: [BR-CL-22]-Tax exemption reason code identifier scheme identifier MUST belong to the CEF VATEX code list
2020-02-16 18:20:22.326 [main] ERROR ZUV.ZUGFeRDValidator - Error 24: [BR-CL-22]-Tax exemption reason code identifier scheme identifier MUST belong to the CEF VATEX code list
2020-02-16 18:20:22.326 [main] ERROR ZUV.ZUGFeRDValidator - Error 24: [BR-CL-22]-Tax exemption reason code identifier scheme identifier MUST belong to the CEF VATEX code list
2020-02-16 18:20:22.326 [main] INFO  ZUV.ZUGFeRDValidator - Parsed PDF:valid XML:invalid Signature:null Checksum:DBC2A919CAE8B16DE5FC88D20F9EBA3C5B118D11 Profile:urn:cen.eu:en16931:2017 Version:2 Took:1581873622326ms
2020-02-16 18:28:59.161 [main] ERROR ZUV.ZUGFeRDValidator - Error 23: Not a PDF/A-3
2020-02-16 18:28:59.441 [main] INFO  c.h.s.x.SchematronResourceXSLTCache - Compiling XSLT instance [cpPath=/xslt/zugferd21_en16931.xsl; urlResolved=true; URL=jar:file:/Users/jstaerk/workspace/ZUV/target/ZUV-0.8.4-RESTRICTED.jar!/xslt/zugferd21_en16931.xsl]
2020-02-16 18:29:04.802 [main] INFO  com.helger.jaxb.JAXBContextCache - Creating JAXB context for package org.oclc.purl.dsdl.svrl using ClassLoader sun.misc.Launcher$AppClassLoader@55f96302
2020-02-16 18:29:04.947 [main] ERROR ZUV.ZUGFeRDValidator - Error 4: 
	Value of '@schemeID' is not allowed.
2020-02-16 18:29:04.947 [main] ERROR ZUV.ZUGFeRDValidator - Error 4: 
	Element 'ram:TypeCode' must occur exactly 1 times.
2020-02-16 18:29:04.948 [main] INFO  c.h.s.x.SchematronResourceXSLTCache - Compiling XSLT instance [cpPath=/xslt/cii16931schematron/EN16931-CII-validation.xslt; urlResolved=true; URL=jar:file:/Users/jstaerk/workspace/ZUV/target/ZUV-0.8.4-RESTRICTED.jar!/xslt/cii16931schematron/EN16931-CII-validation.xslt]
2020-02-16 18:29:05.453 [main] ERROR ZUV.ZUGFeRDValidator - Error 24: [CII-SR-314] - SpecifiedTaxRegistration should not be present
2020-02-16 18:29:05.454 [main] INFO  ZUV.ZUGFeRDValidator - Parsed PDF:invalid XML:invalid Signature:Mustang Checksum:B80EC65A33D7D814438A37B0B83BE9D1783C9296 Profile:urn:cen.eu:en16931:2017 Version:2 Took:1581874145454ms
2020-02-16 18:32:54.102 [main] ERROR ZUV.ZUGFeRDValidator - Error 23: Not a PDF/A-3
2020-02-16 18:32:54.346 [main] ERROR ZUV.ZUGFeRDValidator - Error 18: schema validation fails:org.xml.sax.SAXParseException; lineNumber: 50; columnNumber: 33; cvc-complex-type.2.4.a: Ungültiger Content wurde beginnend mit Element "ram:IssuerAssignedID" gefunden. "{"urn:un:unece:uncefact:data:standard:ReusableAggregateBusinessInformationEntity:100":Name, "urn:un:unece:uncefact:data:standard:ReusableAggregateBusinessInformationEntity:100":AttachmentBinaryObject, "urn:un:unece:uncefact:data:standard:ReusableAggregateBusinessInformationEntity:100":ReferenceTypeCode, "urn:un:unece:uncefact:data:standard:ReusableAggregateBusinessInformationEntity:100":FormattedIssueDateTime}" wird erwartet.
2020-02-16 18:32:54.391 [main] INFO  c.h.s.x.SchematronResourceXSLTCache - Compiling XSLT instance [cpPath=/xslt/zugferd21_en16931.xsl; urlResolved=true; URL=jar:file:/Users/jstaerk/workspace/ZUV/target/ZUV-0.8.4-RESTRICTED.jar!/xslt/zugferd21_en16931.xsl]
2020-02-16 18:32:59.721 [main] INFO  com.helger.jaxb.JAXBContextCache - Creating JAXB context for package org.oclc.purl.dsdl.svrl using ClassLoader sun.misc.Launcher$AppClassLoader@55f96302
2020-02-16 18:32:59.880 [main] ERROR ZUV.ZUGFeRDValidator - Error 4: 
	Value of '@schemeID' is not allowed.
2020-02-16 18:32:59.881 [main] ERROR ZUV.ZUGFeRDValidator - Error 4: 
	Value of 'ram:TypeCode' is not allowed.
2020-02-16 18:32:59.882 [main] INFO  c.h.s.x.SchematronResourceXSLTCache - Compiling XSLT instance [cpPath=/xslt/cii16931schematron/EN16931-CII-validation.xslt; urlResolved=true; URL=jar:file:/Users/jstaerk/workspace/ZUV/target/ZUV-0.8.4-RESTRICTED.jar!/xslt/cii16931schematron/EN16931-CII-validation.xslt]
2020-02-16 18:33:00.447 [main] ERROR ZUV.ZUGFeRDValidator - Error 24: [CII-SR-314] - SpecifiedTaxRegistration should not be present
2020-02-16 18:33:00.448 [main] INFO  ZUV.ZUGFeRDValidator - Parsed PDF:invalid XML:invalid Signature:Mustang Checksum:B928C63AB3C095182BBC0284B62135A06702B8B0 Profile:urn:cen.eu:en16931:2017 Version:2 Took:1581874380448ms
2020-02-16 18:33:50.670 [main] ERROR ZUV.ZUGFeRDValidator - Error 23: Not a PDF/A-3
2020-02-16 18:33:50.915 [main] ERROR ZUV.ZUGFeRDValidator - Error 18: schema validation fails:org.xml.sax.SAXParseException; lineNumber: 50; columnNumber: 33; cvc-complex-type.2.4.a: Ungültiger Content wurde beginnend mit Element "ram:IssuerAssignedID" gefunden. "{"urn:un:unece:uncefact:data:standard:ReusableAggregateBusinessInformationEntity:100":Name, "urn:un:unece:uncefact:data:standard:ReusableAggregateBusinessInformationEntity:100":AttachmentBinaryObject, "urn:un:unece:uncefact:data:standard:ReusableAggregateBusinessInformationEntity:100":ReferenceTypeCode, "urn:un:unece:uncefact:data:standard:ReusableAggregateBusinessInformationEntity:100":FormattedIssueDateTime}" wird erwartet.
2020-02-16 18:33:50.961 [main] INFO  c.h.s.x.SchematronResourceXSLTCache - Compiling XSLT instance [cpPath=/xslt/zugferd21_en16931.xsl; urlResolved=true; URL=jar:file:/Users/jstaerk/workspace/ZUV/target/ZUV-0.8.4-RESTRICTED.jar!/xslt/zugferd21_en16931.xsl]
2020-02-16 18:33:56.532 [main] INFO  com.helger.jaxb.JAXBContextCache - Creating JAXB context for package org.oclc.purl.dsdl.svrl using ClassLoader sun.misc.Launcher$AppClassLoader@55f96302
2020-02-16 18:33:56.702 [main] ERROR ZUV.ZUGFeRDValidator - Error 4: 
	Value of '@schemeID' is not allowed.
2020-02-16 18:33:56.703 [main] INFO  c.h.s.x.SchematronResourceXSLTCache - Compiling XSLT instance [cpPath=/xslt/cii16931schematron/EN16931-CII-validation.xslt; urlResolved=true; URL=jar:file:/Users/jstaerk/workspace/ZUV/target/ZUV-0.8.4-RESTRICTED.jar!/xslt/cii16931schematron/EN16931-CII-validation.xslt]
2020-02-16 18:33:57.235 [main] ERROR ZUV.ZUGFeRDValidator - Error 24: [CII-SR-314] - SpecifiedTaxRegistration should not be present
2020-02-16 18:33:57.236 [main] INFO  ZUV.ZUGFeRDValidator - Parsed PDF:invalid XML:invalid Signature:Mustang Checksum:29EA6307544F95F8234E0A67FC1384585E80DE27 Profile:urn:cen.eu:en16931:2017 Version:2 Took:1581874437236ms
2020-02-16 18:35:38.449 [main] ERROR ZUV.ZUGFeRDValidator - Error 23: Not a PDF/A-3
2020-02-16 18:35:38.743 [main] INFO  c.h.s.x.SchematronResourceXSLTCache - Compiling XSLT instance [cpPath=/xslt/zugferd21_en16931.xsl; urlResolved=true; URL=jar:file:/Users/jstaerk/workspace/ZUV/target/ZUV-0.8.4-RESTRICTED.jar!/xslt/zugferd21_en16931.xsl]
2020-02-16 18:35:44.171 [main] INFO  com.helger.jaxb.JAXBContextCache - Creating JAXB context for package org.oclc.purl.dsdl.svrl using ClassLoader sun.misc.Launcher$AppClassLoader@55f96302
2020-02-16 18:35:44.328 [main] ERROR ZUV.ZUGFeRDValidator - Error 4: 
	Value of '@schemeID' is not allowed.
2020-02-16 18:35:44.329 [main] INFO  c.h.s.x.SchematronResourceXSLTCache - Compiling XSLT instance [cpPath=/xslt/cii16931schematron/EN16931-CII-validation.xslt; urlResolved=true; URL=jar:file:/Users/jstaerk/workspace/ZUV/target/ZUV-0.8.4-RESTRICTED.jar!/xslt/cii16931schematron/EN16931-CII-validation.xslt]
2020-02-16 18:35:44.883 [main] ERROR ZUV.ZUGFeRDValidator - Error 24: [CII-SR-314] - SpecifiedTaxRegistration should not be present
2020-02-16 18:35:44.884 [main] INFO  ZUV.ZUGFeRDValidator - Parsed PDF:invalid XML:invalid Signature:Mustang Checksum:B980F2EA3D5E16700C2C82CB6ECA3E32045FB5C7 Profile:urn:cen.eu:en16931:2017 Version:2 Took:1581874544884ms
